[06-Oct-2015 17:16:45 UTC] PHP Parse error:  syntax error, unexpected end of file in /home/ubuntu/workspace/sublime/Proyecto01/index.php on line 131
[06-Oct-2015 17:17:56 UTC] PHP Parse error:  syntax error, unexpected end of file in /home/ubuntu/workspace/sublime/Proyecto01/index.php on line 131
[06-Oct-2015 17:18:22 UTC] PHP Parse error:  syntax error, unexpected end of file in /home/ubuntu/workspace/sublime/Proyecto01/index.php on line 130
[06-Oct-2015 17:18:49 UTC] PHP Parse error:  syntax error, unexpected end of file in /home/ubuntu/workspace/sublime/Proyecto01/index.php on line 130
[06-Oct-2015 17:18:53 UTC] PHP Parse error:  syntax error, unexpected end of file in /home/ubuntu/workspace/sublime/Proyecto01/index.php on line 130
[06-Oct-2015 17:20:15 UTC] PHP Parse error:  syntax error, unexpected end of file in /home/ubuntu/workspace/sublime/Proyecto01/index.php on line 130
[06-Oct-2015 17:20:25 UTC] PHP Parse error:  syntax error, unexpected end of file in /home/ubuntu/workspace/sublime/Proyecto01/index.php on line 130
[06-Oct-2015 17:20:34 UTC] PHP Parse error:  syntax error, unexpected end of file in /home/ubuntu/workspace/sublime/Proyecto01/index.php on line 130
[06-Oct-2015 17:21:34 UTC] PHP Parse error:  syntax error, unexpected end of file in /home/ubuntu/workspace/sublime/Proyecto01/index.php on line 130
[06-Oct-2015 17:25:56 UTC] PHP Parse error:  syntax error, unexpected end of file in /home/ubuntu/workspace/sublime/Proyecto01/index.php on line 129
[06-Oct-2015 17:29:08 UTC] PHP Parse error:  syntax error, unexpected end of file in /home/ubuntu/workspace/sublime/Proyecto01/index.php on line 129
[06-Oct-2015 17:36:21 UTC] PHP Parse error:  syntax error, unexpected end of file in /home/ubuntu/workspace/sublime/Proyecto01/index.php on line 135
[06-Oct-2015 17:36:23 UTC] PHP Parse error:  syntax error, unexpected end of file in /home/ubuntu/workspace/sublime/Proyecto01/index.php on line 135
[06-Oct-2015 17:49:57 UTC] PHP Warning:  Illegal string offset 'tipo1' in /home/ubuntu/workspace/sublime/Proyecto01/index.php on line 80
[06-Oct-2015 17:49:57 UTC] PHP Stack trace:
[06-Oct-2015 17:49:57 UTC] PHP   1. {main}() /home/ubuntu/workspace/sublime/Proyecto01/index.php:0
[06-Oct-2015 17:50:50 UTC] PHP Fatal error:  Function name must be a string in /home/ubuntu/workspace/sublime/Proyecto01/index.php on line 80
[06-Oct-2015 17:50:50 UTC] PHP Stack trace:
[06-Oct-2015 17:50:50 UTC] PHP   1. {main}() /home/ubuntu/workspace/sublime/Proyecto01/index.php:0
[06-Oct-2015 17:53:20 UTC] PHP Parse error:  syntax error, unexpected '<' in /home/ubuntu/workspace/sublime/Proyecto01/index.php on line 85
