[19-Oct-2015 07:15:00 UTC] PHP Fatal error:  Cannot redeclare lanzarDado() (previously declared in /home/ubuntu/workspace/sublime/Proyecto01/dado/dado.php:5) in /home/ubuntu/workspace/sublime/Proyecto01/dado/dado.php on line 5
[19-Oct-2015 07:15:00 UTC] PHP Stack trace:
[19-Oct-2015 07:15:00 UTC] PHP   1. {main}() /home/ubuntu/workspace/sublime/Proyecto01/menu/index.php:0
[19-Oct-2015 07:15:00 UTC] PHP   2. include() /home/ubuntu/workspace/sublime/Proyecto01/menu/index.php:3
[19-Oct-2015 08:36:02 UTC] PHP Fatal error:  Call to undefined function lanzarDado3caras() in /home/ubuntu/workspace/sublime/Proyecto01/menu/configuracion.php on line 193
[19-Oct-2015 08:36:02 UTC] PHP Stack trace:
[19-Oct-2015 08:36:02 UTC] PHP   1. {main}() /home/ubuntu/workspace/sublime/Proyecto01/menu/index.php:0
[19-Oct-2015 08:36:02 UTC] PHP   2. include() /home/ubuntu/workspace/sublime/Proyecto01/menu/index.php:3
[19-Oct-2015 08:36:05 UTC] PHP Fatal error:  Call to undefined function lanzarDado3caras() in /home/ubuntu/workspace/sublime/Proyecto01/menu/configuracion.php on line 193
[19-Oct-2015 08:36:05 UTC] PHP Stack trace:
[19-Oct-2015 08:36:05 UTC] PHP   1. {main}() /home/ubuntu/workspace/sublime/Proyecto01/menu/index.php:0
[19-Oct-2015 08:36:05 UTC] PHP   2. include() /home/ubuntu/workspace/sublime/Proyecto01/menu/index.php:3
[16-Nov-2015 11:14:46 UTC] PHP Fatal error:  Function name must be a string in /home/ubuntu/workspace/sublime/Proyecto01/menu/configuracion.php on line 4
[16-Nov-2015 11:14:46 UTC] PHP Stack trace:
[16-Nov-2015 11:14:46 UTC] PHP   1. {main}() /home/ubuntu/workspace/sublime/Proyecto01/menu/index.php:0
[16-Nov-2015 11:14:46 UTC] PHP   2. include() /home/ubuntu/workspace/sublime/Proyecto01/menu/index.php:3
[16-Nov-2015 11:14:48 UTC] PHP Fatal error:  Function name must be a string in /home/ubuntu/workspace/sublime/Proyecto01/menu/configuracion.php on line 4
[16-Nov-2015 11:14:48 UTC] PHP Stack trace:
[16-Nov-2015 11:14:48 UTC] PHP   1. {main}() /home/ubuntu/workspace/sublime/Proyecto01/menu/index.php:0
[16-Nov-2015 11:14:48 UTC] PHP   2. include() /home/ubuntu/workspace/sublime/Proyecto01/menu/index.php:3
[16-Nov-2015 11:14:54 UTC] PHP Fatal error:  Function name must be a string in /home/ubuntu/workspace/sublime/Proyecto01/menu/configuracion.php on line 4
[16-Nov-2015 11:14:54 UTC] PHP Stack trace:
[16-Nov-2015 11:14:54 UTC] PHP   1. {main}() /home/ubuntu/workspace/sublime/Proyecto01/menu/index.php:0
[16-Nov-2015 11:14:54 UTC] PHP   2. include() /home/ubuntu/workspace/sublime/Proyecto01/menu/index.php:3
[16-Nov-2015 11:15:02 UTC] PHP Fatal error:  Function name must be a string in /home/ubuntu/workspace/sublime/Proyecto01/menu/configuracion.php on line 4
[16-Nov-2015 11:15:02 UTC] PHP Stack trace:
[16-Nov-2015 11:15:02 UTC] PHP   1. {main}() /home/ubuntu/workspace/sublime/Proyecto01/menu/index.php:0
[16-Nov-2015 11:15:02 UTC] PHP   2. include() /home/ubuntu/workspace/sublime/Proyecto01/menu/index.php:3
[16-Nov-2015 11:15:03 UTC] PHP Fatal error:  Function name must be a string in /home/ubuntu/workspace/sublime/Proyecto01/menu/configuracion.php on line 4
[16-Nov-2015 11:15:03 UTC] PHP Stack trace:
[16-Nov-2015 11:15:03 UTC] PHP   1. {main}() /home/ubuntu/workspace/sublime/Proyecto01/menu/index.php:0
[16-Nov-2015 11:15:03 UTC] PHP   2. include() /home/ubuntu/workspace/sublime/Proyecto01/menu/index.php:3
[16-Nov-2015 11:15:07 UTC] PHP Fatal error:  Function name must be a string in /home/ubuntu/workspace/sublime/Proyecto01/menu/configuracion.php on line 4
[16-Nov-2015 11:15:07 UTC] PHP Stack trace:
[16-Nov-2015 11:15:07 UTC] PHP   1. {main}() /home/ubuntu/workspace/sublime/Proyecto01/menu/index.php:0
[16-Nov-2015 11:15:07 UTC] PHP   2. include() /home/ubuntu/workspace/sublime/Proyecto01/menu/index.php:3
[16-Nov-2015 11:17:20 UTC] PHP Parse error:  syntax error, unexpected end of file in /home/ubuntu/workspace/sublime/Proyecto01/menu/configuracion.php on line 208
[16-Nov-2015 11:17:20 UTC] PHP Stack trace:
[16-Nov-2015 11:17:20 UTC] PHP   1. {main}() /home/ubuntu/workspace/sublime/Proyecto01/menu/index.php:0
[16-Nov-2015 11:17:28 UTC] PHP Parse error:  syntax error, unexpected end of file in /home/ubuntu/workspace/sublime/Proyecto01/menu/configuracion.php on line 208
[16-Nov-2015 11:17:28 UTC] PHP Stack trace:
[16-Nov-2015 11:17:28 UTC] PHP   1. {main}() /home/ubuntu/workspace/sublime/Proyecto01/menu/index.php:0
[16-Nov-2015 11:18:25 UTC] PHP Fatal error:  Function name must be a string in /home/ubuntu/workspace/sublime/Proyecto01/menu/configuracion.php on line 5
[16-Nov-2015 11:18:25 UTC] PHP Stack trace:
[16-Nov-2015 11:18:25 UTC] PHP   1. {main}() /home/ubuntu/workspace/sublime/Proyecto01/menu/index.php:0
[16-Nov-2015 11:18:25 UTC] PHP   2. include() /home/ubuntu/workspace/sublime/Proyecto01/menu/index.php:3
[16-Nov-2015 11:24:50 UTC] PHP Warning:  Illegal offset type in /home/ubuntu/workspace/sublime/Proyecto01/menu/configuracion.php on line 78
[16-Nov-2015 11:24:50 UTC] PHP Stack trace:
[16-Nov-2015 11:24:50 UTC] PHP   1. {main}() /home/ubuntu/workspace/sublime/Proyecto01/menu/index.php:0
[16-Nov-2015 11:24:50 UTC] PHP   2. include() /home/ubuntu/workspace/sublime/Proyecto01/menu/index.php:3
[16-Nov-2015 11:24:50 UTC] PHP Warning:  Illegal offset type in /home/ubuntu/workspace/sublime/Proyecto01/menu/configuracion.php on line 82
[16-Nov-2015 11:24:50 UTC] PHP Stack trace:
[16-Nov-2015 11:24:50 UTC] PHP   1. {main}() /home/ubuntu/workspace/sublime/Proyecto01/menu/index.php:0
[16-Nov-2015 11:24:50 UTC] PHP   2. include() /home/ubuntu/workspace/sublime/Proyecto01/menu/index.php:3
[16-Nov-2015 11:24:50 UTC] PHP Warning:  Illegal offset type in /home/ubuntu/workspace/sublime/Proyecto01/menu/configuracion.php on line 83
[16-Nov-2015 11:24:50 UTC] PHP Stack trace:
[16-Nov-2015 11:24:50 UTC] PHP   1. {main}() /home/ubuntu/workspace/sublime/Proyecto01/menu/index.php:0
[16-Nov-2015 11:24:50 UTC] PHP   2. include() /home/ubuntu/workspace/sublime/Proyecto01/menu/index.php:3
[16-Nov-2015 11:24:50 UTC] PHP Warning:  Illegal offset type in /home/ubuntu/workspace/sublime/Proyecto01/menu/configuracion.php on line 95
[16-Nov-2015 11:24:50 UTC] PHP Stack trace:
[16-Nov-2015 11:24:50 UTC] PHP   1. {main}() /home/ubuntu/workspace/sublime/Proyecto01/menu/index.php:0
[16-Nov-2015 11:24:50 UTC] PHP   2. include() /home/ubuntu/workspace/sublime/Proyecto01/menu/index.php:3
[16-Nov-2015 11:24:50 UTC] PHP Warning:  Illegal offset type in /home/ubuntu/workspace/sublime/Proyecto01/menu/configuracion.php on line 95
[16-Nov-2015 11:24:50 UTC] PHP Stack trace:
[16-Nov-2015 11:24:50 UTC] PHP   1. {main}() /home/ubuntu/workspace/sublime/Proyecto01/menu/index.php:0
[16-Nov-2015 11:24:50 UTC] PHP   2. include() /home/ubuntu/workspace/sublime/Proyecto01/menu/index.php:3
[16-Nov-2015 11:24:50 UTC] PHP Warning:  Illegal offset type in /home/ubuntu/workspace/sublime/Proyecto01/menu/configuracion.php on line 95
[16-Nov-2015 11:24:50 UTC] PHP Stack trace:
[16-Nov-2015 11:24:50 UTC] PHP   1. {main}() /home/ubuntu/workspace/sublime/Proyecto01/menu/index.php:0
[16-Nov-2015 11:24:50 UTC] PHP   2. include() /home/ubuntu/workspace/sublime/Proyecto01/menu/index.php:3
[16-Nov-2015 11:24:50 UTC] PHP Warning:  Illegal offset type in /home/ubuntu/workspace/sublime/Proyecto01/menu/configuracion.php on line 101
[16-Nov-2015 11:24:50 UTC] PHP Stack trace:
[16-Nov-2015 11:24:50 UTC] PHP   1. {main}() /home/ubuntu/workspace/sublime/Proyecto01/menu/index.php:0
[16-Nov-2015 11:24:50 UTC] PHP   2. include() /home/ubuntu/workspace/sublime/Proyecto01/menu/index.php:3
[16-Nov-2015 11:24:50 UTC] PHP Warning:  Illegal offset type in /home/ubuntu/workspace/sublime/Proyecto01/menu/configuracion.php on line 102
[16-Nov-2015 11:24:50 UTC] PHP Stack trace:
[16-Nov-2015 11:24:50 UTC] PHP   1. {main}() /home/ubuntu/workspace/sublime/Proyecto01/menu/index.php:0
[16-Nov-2015 11:24:50 UTC] PHP   2. include() /home/ubuntu/workspace/sublime/Proyecto01/menu/index.php:3
[16-Nov-2015 11:24:50 UTC] PHP Warning:  Illegal offset type in /home/ubuntu/workspace/sublime/Proyecto01/menu/configuracion.php on line 104
[16-Nov-2015 11:24:50 UTC] PHP Stack trace:
[16-Nov-2015 11:24:50 UTC] PHP   1. {main}() /home/ubuntu/workspace/sublime/Proyecto01/menu/index.php:0
[16-Nov-2015 11:24:50 UTC] PHP   2. include() /home/ubuntu/workspace/sublime/Proyecto01/menu/index.php:3
[16-Nov-2015 11:24:50 UTC] PHP Warning:  Illegal offset type in /home/ubuntu/workspace/sublime/Proyecto01/menu/configuracion.php on line 116
[16-Nov-2015 11:24:50 UTC] PHP Stack trace:
[16-Nov-2015 11:24:50 UTC] PHP   1. {main}() /home/ubuntu/workspace/sublime/Proyecto01/menu/index.php:0
[16-Nov-2015 11:24:50 UTC] PHP   2. include() /home/ubuntu/workspace/sublime/Proyecto01/menu/index.php:3
[16-Nov-2015 11:24:50 UTC] PHP Warning:  Illegal offset type in /home/ubuntu/workspace/sublime/Proyecto01/menu/configuracion.php on line 116
[16-Nov-2015 11:24:50 UTC] PHP Stack trace:
[16-Nov-2015 11:24:50 UTC] PHP   1. {main}() /home/ubuntu/workspace/sublime/Proyecto01/menu/index.php:0
[16-Nov-2015 11:24:50 UTC] PHP   2. include() /home/ubuntu/workspace/sublime/Proyecto01/menu/index.php:3
[16-Nov-2015 11:24:58 UTC] PHP Warning:  Illegal offset type in /home/ubuntu/workspace/sublime/Proyecto01/menu/configuracion.php on line 78
[16-Nov-2015 11:24:58 UTC] PHP Stack trace:
[16-Nov-2015 11:24:58 UTC] PHP   1. {main}() /home/ubuntu/workspace/sublime/Proyecto01/menu/index.php:0
[16-Nov-2015 11:24:58 UTC] PHP   2. include() /home/ubuntu/workspace/sublime/Proyecto01/menu/index.php:3
[16-Nov-2015 11:24:58 UTC] PHP Warning:  Illegal offset type in /home/ubuntu/workspace/sublime/Proyecto01/menu/configuracion.php on line 82
[16-Nov-2015 11:24:58 UTC] PHP Stack trace:
[16-Nov-2015 11:24:58 UTC] PHP   1. {main}() /home/ubuntu/workspace/sublime/Proyecto01/menu/index.php:0
[16-Nov-2015 11:24:58 UTC] PHP   2. include() /home/ubuntu/workspace/sublime/Proyecto01/menu/index.php:3
[16-Nov-2015 11:24:58 UTC] PHP Warning:  Illegal offset type in /home/ubuntu/workspace/sublime/Proyecto01/menu/configuracion.php on line 83
[16-Nov-2015 11:24:58 UTC] PHP Stack trace:
[16-Nov-2015 11:24:58 UTC] PHP   1. {main}() /home/ubuntu/workspace/sublime/Proyecto01/menu/index.php:0
[16-Nov-2015 11:24:58 UTC] PHP   2. include() /home/ubuntu/workspace/sublime/Proyecto01/menu/index.php:3
[16-Nov-2015 11:24:58 UTC] PHP Warning:  Illegal offset type in /home/ubuntu/workspace/sublime/Proyecto01/menu/configuracion.php on line 95
[16-Nov-2015 11:24:58 UTC] PHP Stack trace:
[16-Nov-2015 11:24:58 UTC] PHP   1. {main}() /home/ubuntu/workspace/sublime/Proyecto01/menu/index.php:0
[16-Nov-2015 11:24:58 UTC] PHP   2. include() /home/ubuntu/workspace/sublime/Proyecto01/menu/index.php:3
[16-Nov-2015 11:24:58 UTC] PHP Warning:  Illegal offset type in /home/ubuntu/workspace/sublime/Proyecto01/menu/configuracion.php on line 95
[16-Nov-2015 11:24:58 UTC] PHP Stack trace:
[16-Nov-2015 11:24:58 UTC] PHP   1. {main}() /home/ubuntu/workspace/sublime/Proyecto01/menu/index.php:0
[16-Nov-2015 11:24:58 UTC] PHP   2. include() /home/ubuntu/workspace/sublime/Proyecto01/menu/index.php:3
[16-Nov-2015 11:24:58 UTC] PHP Warning:  Illegal offset type in /home/ubuntu/workspace/sublime/Proyecto01/menu/configuracion.php on line 95
[16-Nov-2015 11:24:58 UTC] PHP Stack trace:
[16-Nov-2015 11:24:58 UTC] PHP   1. {main}() /home/ubuntu/workspace/sublime/Proyecto01/menu/index.php:0
[16-Nov-2015 11:24:58 UTC] PHP   2. include() /home/ubuntu/workspace/sublime/Proyecto01/menu/index.php:3
[16-Nov-2015 11:24:58 UTC] PHP Warning:  Illegal offset type in /home/ubuntu/workspace/sublime/Proyecto01/menu/configuracion.php on line 101
[16-Nov-2015 11:24:58 UTC] PHP Stack trace:
[16-Nov-2015 11:24:58 UTC] PHP   1. {main}() /home/ubuntu/workspace/sublime/Proyecto01/menu/index.php:0
[16-Nov-2015 11:24:58 UTC] PHP   2. include() /home/ubuntu/workspace/sublime/Proyecto01/menu/index.php:3
[16-Nov-2015 11:24:58 UTC] PHP Warning:  Illegal offset type in /home/ubuntu/workspace/sublime/Proyecto01/menu/configuracion.php on line 102
[16-Nov-2015 11:24:58 UTC] PHP Stack trace:
[16-Nov-2015 11:24:58 UTC] PHP   1. {main}() /home/ubuntu/workspace/sublime/Proyecto01/menu/index.php:0
[16-Nov-2015 11:24:58 UTC] PHP   2. include() /home/ubuntu/workspace/sublime/Proyecto01/menu/index.php:3
[16-Nov-2015 11:24:58 UTC] PHP Warning:  Illegal offset type in /home/ubuntu/workspace/sublime/Proyecto01/menu/configuracion.php on line 104
[16-Nov-2015 11:24:58 UTC] PHP Stack trace:
[16-Nov-2015 11:24:58 UTC] PHP   1. {main}() /home/ubuntu/workspace/sublime/Proyecto01/menu/index.php:0
[16-Nov-2015 11:24:58 UTC] PHP   2. include() /home/ubuntu/workspace/sublime/Proyecto01/menu/index.php:3
[16-Nov-2015 11:24:58 UTC] PHP Warning:  Illegal offset type in /home/ubuntu/workspace/sublime/Proyecto01/menu/configuracion.php on line 116
[16-Nov-2015 11:24:58 UTC] PHP Stack trace:
[16-Nov-2015 11:24:58 UTC] PHP   1. {main}() /home/ubuntu/workspace/sublime/Proyecto01/menu/index.php:0
[16-Nov-2015 11:24:58 UTC] PHP   2. include() /home/ubuntu/workspace/sublime/Proyecto01/menu/index.php:3
[16-Nov-2015 11:24:58 UTC] PHP Warning:  Illegal offset type in /home/ubuntu/workspace/sublime/Proyecto01/menu/configuracion.php on line 116
[16-Nov-2015 11:24:58 UTC] PHP Stack trace:
[16-Nov-2015 11:24:58 UTC] PHP   1. {main}() /home/ubuntu/workspace/sublime/Proyecto01/menu/index.php:0
[16-Nov-2015 11:24:58 UTC] PHP   2. include() /home/ubuntu/workspace/sublime/Proyecto01/menu/index.php:3
[16-Nov-2015 11:24:58 UTC] PHP Warning:  Illegal offset type in /home/ubuntu/workspace/sublime/Proyecto01/menu/configuracion.php on line 78
[16-Nov-2015 11:24:58 UTC] PHP Stack trace:
[16-Nov-2015 11:24:58 UTC] PHP   1. {main}() /home/ubuntu/workspace/sublime/Proyecto01/menu/index.php:0
[16-Nov-2015 11:24:58 UTC] PHP   2. include() /home/ubuntu/workspace/sublime/Proyecto01/menu/index.php:3
[16-Nov-2015 11:24:58 UTC] PHP Warning:  Illegal offset type in /home/ubuntu/workspace/sublime/Proyecto01/menu/configuracion.php on line 82
[16-Nov-2015 11:24:58 UTC] PHP Stack trace:
[16-Nov-2015 11:24:58 UTC] PHP   1. {main}() /home/ubuntu/workspace/sublime/Proyecto01/menu/index.php:0
[16-Nov-2015 11:24:58 UTC] PHP   2. include() /home/ubuntu/workspace/sublime/Proyecto01/menu/index.php:3
[16-Nov-2015 11:24:58 UTC] PHP Warning:  Illegal offset type in /home/ubuntu/workspace/sublime/Proyecto01/menu/configuracion.php on line 83
[16-Nov-2015 11:24:58 UTC] PHP Stack trace:
[16-Nov-2015 11:24:58 UTC] PHP   1. {main}() /home/ubuntu/workspace/sublime/Proyecto01/menu/index.php:0
[16-Nov-2015 11:24:58 UTC] PHP   2. include() /home/ubuntu/workspace/sublime/Proyecto01/menu/index.php:3
[16-Nov-2015 11:24:58 UTC] PHP Warning:  Illegal offset type in /home/ubuntu/workspace/sublime/Proyecto01/menu/configuracion.php on line 95
[16-Nov-2015 11:24:58 UTC] PHP Stack trace:
[16-Nov-2015 11:24:58 UTC] PHP   1. {main}() /home/ubuntu/workspace/sublime/Proyecto01/menu/index.php:0
[16-Nov-2015 11:24:58 UTC] PHP   2. include() /home/ubuntu/workspace/sublime/Proyecto01/menu/index.php:3
[16-Nov-2015 11:24:58 UTC] PHP Warning:  Illegal offset type in /home/ubuntu/workspace/sublime/Proyecto01/menu/configuracion.php on line 95
[16-Nov-2015 11:24:58 UTC] PHP Stack trace:
[16-Nov-2015 11:24:58 UTC] PHP   1. {main}() /home/ubuntu/workspace/sublime/Proyecto01/menu/index.php:0
[16-Nov-2015 11:24:58 UTC] PHP   2. include() /home/ubuntu/workspace/sublime/Proyecto01/menu/index.php:3
[16-Nov-2015 11:24:58 UTC] PHP Warning:  Illegal offset type in /home/ubuntu/workspace/sublime/Proyecto01/menu/configuracion.php on line 95
[16-Nov-2015 11:24:58 UTC] PHP Stack trace:
[16-Nov-2015 11:24:58 UTC] PHP   1. {main}() /home/ubuntu/workspace/sublime/Proyecto01/menu/index.php:0
[16-Nov-2015 11:24:58 UTC] PHP   2. include() /home/ubuntu/workspace/sublime/Proyecto01/menu/index.php:3
[16-Nov-2015 11:24:58 UTC] PHP Warning:  Illegal offset type in /home/ubuntu/workspace/sublime/Proyecto01/menu/configuracion.php on line 101
[16-Nov-2015 11:24:58 UTC] PHP Stack trace:
[16-Nov-2015 11:24:58 UTC] PHP   1. {main}() /home/ubuntu/workspace/sublime/Proyecto01/menu/index.php:0
[16-Nov-2015 11:24:58 UTC] PHP   2. include() /home/ubuntu/workspace/sublime/Proyecto01/menu/index.php:3
[16-Nov-2015 11:24:58 UTC] PHP Warning:  Illegal offset type in /home/ubuntu/workspace/sublime/Proyecto01/menu/configuracion.php on line 102
[16-Nov-2015 11:24:58 UTC] PHP Stack trace:
[16-Nov-2015 11:24:58 UTC] PHP   1. {main}() /home/ubuntu/workspace/sublime/Proyecto01/menu/index.php:0
[16-Nov-2015 11:24:58 UTC] PHP   2. include() /home/ubuntu/workspace/sublime/Proyecto01/menu/index.php:3
[16-Nov-2015 11:24:58 UTC] PHP Warning:  Illegal offset type in /home/ubuntu/workspace/sublime/Proyecto01/menu/configuracion.php on line 104
[16-Nov-2015 11:24:58 UTC] PHP Stack trace:
[16-Nov-2015 11:24:58 UTC] PHP   1. {main}() /home/ubuntu/workspace/sublime/Proyecto01/menu/index.php:0
[16-Nov-2015 11:24:58 UTC] PHP   2. include() /home/ubuntu/workspace/sublime/Proyecto01/menu/index.php:3
[16-Nov-2015 11:24:58 UTC] PHP Warning:  Illegal offset type in /home/ubuntu/workspace/sublime/Proyecto01/menu/configuracion.php on line 116
[16-Nov-2015 11:24:58 UTC] PHP Stack trace:
[16-Nov-2015 11:24:58 UTC] PHP   1. {main}() /home/ubuntu/workspace/sublime/Proyecto01/menu/index.php:0
[16-Nov-2015 11:24:58 UTC] PHP   2. include() /home/ubuntu/workspace/sublime/Proyecto01/menu/index.php:3
[16-Nov-2015 11:24:58 UTC] PHP Warning:  Illegal offset type in /home/ubuntu/workspace/sublime/Proyecto01/menu/configuracion.php on line 116
[16-Nov-2015 11:24:58 UTC] PHP Stack trace:
[16-Nov-2015 11:24:58 UTC] PHP   1. {main}() /home/ubuntu/workspace/sublime/Proyecto01/menu/index.php:0
[16-Nov-2015 11:24:58 UTC] PHP   2. include() /home/ubuntu/workspace/sublime/Proyecto01/menu/index.php:3
[16-Nov-2015 11:25:12 UTC] PHP Warning:  Illegal offset type in /home/ubuntu/workspace/sublime/Proyecto01/menu/configuracion.php on line 79
[16-Nov-2015 11:25:12 UTC] PHP Stack trace:
[16-Nov-2015 11:25:12 UTC] PHP   1. {main}() /home/ubuntu/workspace/sublime/Proyecto01/menu/index.php:0
[16-Nov-2015 11:25:12 UTC] PHP   2. include() /home/ubuntu/workspace/sublime/Proyecto01/menu/index.php:3
[16-Nov-2015 11:25:12 UTC] PHP Warning:  Illegal offset type in /home/ubuntu/workspace/sublime/Proyecto01/menu/configuracion.php on line 83
[16-Nov-2015 11:25:12 UTC] PHP Stack trace:
[16-Nov-2015 11:25:12 UTC] PHP   1. {main}() /home/ubuntu/workspace/sublime/Proyecto01/menu/index.php:0
[16-Nov-2015 11:25:12 UTC] PHP   2. include() /home/ubuntu/workspace/sublime/Proyecto01/menu/index.php:3
[16-Nov-2015 11:25:12 UTC] PHP Warning:  Illegal offset type in /home/ubuntu/workspace/sublime/Proyecto01/menu/configuracion.php on line 84
[16-Nov-2015 11:25:12 UTC] PHP Stack trace:
[16-Nov-2015 11:25:12 UTC] PHP   1. {main}() /home/ubuntu/workspace/sublime/Proyecto01/menu/index.php:0
[16-Nov-2015 11:25:12 UTC] PHP   2. include() /home/ubuntu/workspace/sublime/Proyecto01/menu/index.php:3
[16-Nov-2015 11:25:12 UTC] PHP Warning:  Illegal offset type in /home/ubuntu/workspace/sublime/Proyecto01/menu/configuracion.php on line 96
[16-Nov-2015 11:25:12 UTC] PHP Stack trace:
[16-Nov-2015 11:25:12 UTC] PHP   1. {main}() /home/ubuntu/workspace/sublime/Proyecto01/menu/index.php:0
[16-Nov-2015 11:25:12 UTC] PHP   2. include() /home/ubuntu/workspace/sublime/Proyecto01/menu/index.php:3
[16-Nov-2015 11:25:12 UTC] PHP Warning:  Illegal offset type in /home/ubuntu/workspace/sublime/Proyecto01/menu/configuracion.php on line 96
[16-Nov-2015 11:25:12 UTC] PHP Stack trace:
[16-Nov-2015 11:25:12 UTC] PHP   1. {main}() /home/ubuntu/workspace/sublime/Proyecto01/menu/index.php:0
[16-Nov-2015 11:25:12 UTC] PHP   2. include() /home/ubuntu/workspace/sublime/Proyecto01/menu/index.php:3
[16-Nov-2015 11:25:12 UTC] PHP Warning:  Illegal offset type in /home/ubuntu/workspace/sublime/Proyecto01/menu/configuracion.php on line 96
[16-Nov-2015 11:25:12 UTC] PHP Stack trace:
[16-Nov-2015 11:25:12 UTC] PHP   1. {main}() /home/ubuntu/workspace/sublime/Proyecto01/menu/index.php:0
[16-Nov-2015 11:25:12 UTC] PHP   2. include() /home/ubuntu/workspace/sublime/Proyecto01/menu/index.php:3
[16-Nov-2015 11:25:12 UTC] PHP Warning:  Illegal offset type in /home/ubuntu/workspace/sublime/Proyecto01/menu/configuracion.php on line 102
[16-Nov-2015 11:25:12 UTC] PHP Stack trace:
[16-Nov-2015 11:25:12 UTC] PHP   1. {main}() /home/ubuntu/workspace/sublime/Proyecto01/menu/index.php:0
[16-Nov-2015 11:25:12 UTC] PHP   2. include() /home/ubuntu/workspace/sublime/Proyecto01/menu/index.php:3
[16-Nov-2015 11:25:12 UTC] PHP Warning:  Illegal offset type in /home/ubuntu/workspace/sublime/Proyecto01/menu/configuracion.php on line 103
[16-Nov-2015 11:25:12 UTC] PHP Stack trace:
[16-Nov-2015 11:25:12 UTC] PHP   1. {main}() /home/ubuntu/workspace/sublime/Proyecto01/menu/index.php:0
[16-Nov-2015 11:25:12 UTC] PHP   2. include() /home/ubuntu/workspace/sublime/Proyecto01/menu/index.php:3
[16-Nov-2015 11:25:12 UTC] PHP Warning:  Illegal offset type in /home/ubuntu/workspace/sublime/Proyecto01/menu/configuracion.php on line 105
[16-Nov-2015 11:25:12 UTC] PHP Stack trace:
[16-Nov-2015 11:25:12 UTC] PHP   1. {main}() /home/ubuntu/workspace/sublime/Proyecto01/menu/index.php:0
[16-Nov-2015 11:25:12 UTC] PHP   2. include() /home/ubuntu/workspace/sublime/Proyecto01/menu/index.php:3
[16-Nov-2015 11:25:12 UTC] PHP Warning:  Illegal offset type in /home/ubuntu/workspace/sublime/Proyecto01/menu/configuracion.php on line 117
[16-Nov-2015 11:25:12 UTC] PHP Stack trace:
[16-Nov-2015 11:25:12 UTC] PHP   1. {main}() /home/ubuntu/workspace/sublime/Proyecto01/menu/index.php:0
[16-Nov-2015 11:25:12 UTC] PHP   2. include() /home/ubuntu/workspace/sublime/Proyecto01/menu/index.php:3
[16-Nov-2015 11:25:12 UTC] PHP Warning:  Illegal offset type in /home/ubuntu/workspace/sublime/Proyecto01/menu/configuracion.php on line 117
[16-Nov-2015 11:25:12 UTC] PHP Stack trace:
[16-Nov-2015 11:25:12 UTC] PHP   1. {main}() /home/ubuntu/workspace/sublime/Proyecto01/menu/index.php:0
[16-Nov-2015 11:25:12 UTC] PHP   2. include() /home/ubuntu/workspace/sublime/Proyecto01/menu/index.php:3
[16-Nov-2015 11:25:25 UTC] PHP Warning:  Illegal offset type in /home/ubuntu/workspace/sublime/Proyecto01/menu/configuracion.php on line 78
[16-Nov-2015 11:25:25 UTC] PHP Stack trace:
[16-Nov-2015 11:25:25 UTC] PHP   1. {main}() /home/ubuntu/workspace/sublime/Proyecto01/menu/index.php:0
[16-Nov-2015 11:25:25 UTC] PHP   2. include() /home/ubuntu/workspace/sublime/Proyecto01/menu/index.php:3
[16-Nov-2015 11:25:25 UTC] PHP Warning:  Illegal offset type in /home/ubuntu/workspace/sublime/Proyecto01/menu/configuracion.php on line 82
[16-Nov-2015 11:25:25 UTC] PHP Stack trace:
[16-Nov-2015 11:25:25 UTC] PHP   1. {main}() /home/ubuntu/workspace/sublime/Proyecto01/menu/index.php:0
[16-Nov-2015 11:25:25 UTC] PHP   2. include() /home/ubuntu/workspace/sublime/Proyecto01/menu/index.php:3
[16-Nov-2015 11:25:25 UTC] PHP Warning:  Illegal offset type in /home/ubuntu/workspace/sublime/Proyecto01/menu/configuracion.php on line 83
[16-Nov-2015 11:25:25 UTC] PHP Stack trace:
[16-Nov-2015 11:25:25 UTC] PHP   1. {main}() /home/ubuntu/workspace/sublime/Proyecto01/menu/index.php:0
[16-Nov-2015 11:25:25 UTC] PHP   2. include() /home/ubuntu/workspace/sublime/Proyecto01/menu/index.php:3
[16-Nov-2015 11:25:25 UTC] PHP Warning:  Illegal offset type in /home/ubuntu/workspace/sublime/Proyecto01/menu/configuracion.php on line 95
[16-Nov-2015 11:25:25 UTC] PHP Stack trace:
[16-Nov-2015 11:25:25 UTC] PHP   1. {main}() /home/ubuntu/workspace/sublime/Proyecto01/menu/index.php:0
[16-Nov-2015 11:25:25 UTC] PHP   2. include() /home/ubuntu/workspace/sublime/Proyecto01/menu/index.php:3
[16-Nov-2015 11:25:25 UTC] PHP Warning:  Illegal offset type in /home/ubuntu/workspace/sublime/Proyecto01/menu/configuracion.php on line 95
[16-Nov-2015 11:25:25 UTC] PHP Stack trace:
[16-Nov-2015 11:25:25 UTC] PHP   1. {main}() /home/ubuntu/workspace/sublime/Proyecto01/menu/index.php:0
[16-Nov-2015 11:25:25 UTC] PHP   2. include() /home/ubuntu/workspace/sublime/Proyecto01/menu/index.php:3
[16-Nov-2015 11:25:25 UTC] PHP Warning:  Illegal offset type in /home/ubuntu/workspace/sublime/Proyecto01/menu/configuracion.php on line 95
[16-Nov-2015 11:25:25 UTC] PHP Stack trace:
[16-Nov-2015 11:25:25 UTC] PHP   1. {main}() /home/ubuntu/workspace/sublime/Proyecto01/menu/index.php:0
[16-Nov-2015 11:25:25 UTC] PHP   2. include() /home/ubuntu/workspace/sublime/Proyecto01/menu/index.php:3
[16-Nov-2015 11:25:25 UTC] PHP Warning:  Illegal offset type in /home/ubuntu/workspace/sublime/Proyecto01/menu/configuracion.php on line 101
[16-Nov-2015 11:25:25 UTC] PHP Stack trace:
[16-Nov-2015 11:25:25 UTC] PHP   1. {main}() /home/ubuntu/workspace/sublime/Proyecto01/menu/index.php:0
[16-Nov-2015 11:25:25 UTC] PHP   2. include() /home/ubuntu/workspace/sublime/Proyecto01/menu/index.php:3
[16-Nov-2015 11:25:25 UTC] PHP Warning:  Illegal offset type in /home/ubuntu/workspace/sublime/Proyecto01/menu/configuracion.php on line 102
[16-Nov-2015 11:25:25 UTC] PHP Stack trace:
[16-Nov-2015 11:25:25 UTC] PHP   1. {main}() /home/ubuntu/workspace/sublime/Proyecto01/menu/index.php:0
[16-Nov-2015 11:25:25 UTC] PHP   2. include() /home/ubuntu/workspace/sublime/Proyecto01/menu/index.php:3
[16-Nov-2015 11:25:25 UTC] PHP Warning:  Illegal offset type in /home/ubuntu/workspace/sublime/Proyecto01/menu/configuracion.php on line 104
[16-Nov-2015 11:25:25 UTC] PHP Stack trace:
[16-Nov-2015 11:25:25 UTC] PHP   1. {main}() /home/ubuntu/workspace/sublime/Proyecto01/menu/index.php:0
[16-Nov-2015 11:25:25 UTC] PHP   2. include() /home/ubuntu/workspace/sublime/Proyecto01/menu/index.php:3
[16-Nov-2015 11:25:25 UTC] PHP Warning:  Illegal offset type in /home/ubuntu/workspace/sublime/Proyecto01/menu/configuracion.php on line 116
[16-Nov-2015 11:25:25 UTC] PHP Stack trace:
[16-Nov-2015 11:25:25 UTC] PHP   1. {main}() /home/ubuntu/workspace/sublime/Proyecto01/menu/index.php:0
[16-Nov-2015 11:25:25 UTC] PHP   2. include() /home/ubuntu/workspace/sublime/Proyecto01/menu/index.php:3
[16-Nov-2015 11:25:25 UTC] PHP Warning:  Illegal offset type in /home/ubuntu/workspace/sublime/Proyecto01/menu/configuracion.php on line 116
[16-Nov-2015 11:25:25 UTC] PHP Stack trace:
[16-Nov-2015 11:25:25 UTC] PHP   1. {main}() /home/ubuntu/workspace/sublime/Proyecto01/menu/index.php:0
[16-Nov-2015 11:25:25 UTC] PHP   2. include() /home/ubuntu/workspace/sublime/Proyecto01/menu/index.php:3
[16-Nov-2015 11:25:32 UTC] PHP Warning:  Illegal offset type in /home/ubuntu/workspace/sublime/Proyecto01/menu/configuracion.php on line 78
[16-Nov-2015 11:25:32 UTC] PHP Stack trace:
[16-Nov-2015 11:25:32 UTC] PHP   1. {main}() /home/ubuntu/workspace/sublime/Proyecto01/menu/index.php:0
[16-Nov-2015 11:25:32 UTC] PHP   2. include() /home/ubuntu/workspace/sublime/Proyecto01/menu/index.php:3
[16-Nov-2015 11:25:32 UTC] PHP Warning:  Illegal offset type in /home/ubuntu/workspace/sublime/Proyecto01/menu/configuracion.php on line 82
[16-Nov-2015 11:25:32 UTC] PHP Stack trace:
[16-Nov-2015 11:25:32 UTC] PHP   1. {main}() /home/ubuntu/workspace/sublime/Proyecto01/menu/index.php:0
[16-Nov-2015 11:25:32 UTC] PHP   2. include() /home/ubuntu/workspace/sublime/Proyecto01/menu/index.php:3
[16-Nov-2015 11:25:32 UTC] PHP Warning:  Illegal offset type in /home/ubuntu/workspace/sublime/Proyecto01/menu/configuracion.php on line 83
[16-Nov-2015 11:25:32 UTC] PHP Stack trace:
[16-Nov-2015 11:25:32 UTC] PHP   1. {main}() /home/ubuntu/workspace/sublime/Proyecto01/menu/index.php:0
[16-Nov-2015 11:25:32 UTC] PHP   2. include() /home/ubuntu/workspace/sublime/Proyecto01/menu/index.php:3
[16-Nov-2015 11:25:32 UTC] PHP Warning:  Illegal offset type in /home/ubuntu/workspace/sublime/Proyecto01/menu/configuracion.php on line 95
[16-Nov-2015 11:25:32 UTC] PHP Stack trace:
[16-Nov-2015 11:25:32 UTC] PHP   1. {main}() /home/ubuntu/workspace/sublime/Proyecto01/menu/index.php:0
[16-Nov-2015 11:25:32 UTC] PHP   2. include() /home/ubuntu/workspace/sublime/Proyecto01/menu/index.php:3
[16-Nov-2015 11:25:32 UTC] PHP Warning:  Illegal offset type in /home/ubuntu/workspace/sublime/Proyecto01/menu/configuracion.php on line 95
[16-Nov-2015 11:25:32 UTC] PHP Stack trace:
[16-Nov-2015 11:25:32 UTC] PHP   1. {main}() /home/ubuntu/workspace/sublime/Proyecto01/menu/index.php:0
[16-Nov-2015 11:25:32 UTC] PHP   2. include() /home/ubuntu/workspace/sublime/Proyecto01/menu/index.php:3
[16-Nov-2015 11:25:32 UTC] PHP Warning:  Illegal offset type in /home/ubuntu/workspace/sublime/Proyecto01/menu/configuracion.php on line 95
[16-Nov-2015 11:25:32 UTC] PHP Stack trace:
[16-Nov-2015 11:25:32 UTC] PHP   1. {main}() /home/ubuntu/workspace/sublime/Proyecto01/menu/index.php:0
[16-Nov-2015 11:25:32 UTC] PHP   2. include() /home/ubuntu/workspace/sublime/Proyecto01/menu/index.php:3
[16-Nov-2015 11:25:32 UTC] PHP Warning:  Illegal offset type in /home/ubuntu/workspace/sublime/Proyecto01/menu/configuracion.php on line 101
[16-Nov-2015 11:25:32 UTC] PHP Stack trace:
[16-Nov-2015 11:25:32 UTC] PHP   1. {main}() /home/ubuntu/workspace/sublime/Proyecto01/menu/index.php:0
[16-Nov-2015 11:25:32 UTC] PHP   2. include() /home/ubuntu/workspace/sublime/Proyecto01/menu/index.php:3
[16-Nov-2015 11:25:32 UTC] PHP Warning:  Illegal offset type in /home/ubuntu/workspace/sublime/Proyecto01/menu/configuracion.php on line 102
[16-Nov-2015 11:25:32 UTC] PHP Stack trace:
[16-Nov-2015 11:25:32 UTC] PHP   1. {main}() /home/ubuntu/workspace/sublime/Proyecto01/menu/index.php:0
[16-Nov-2015 11:25:32 UTC] PHP   2. include() /home/ubuntu/workspace/sublime/Proyecto01/menu/index.php:3
[16-Nov-2015 11:25:32 UTC] PHP Warning:  Illegal offset type in /home/ubuntu/workspace/sublime/Proyecto01/menu/configuracion.php on line 104
[16-Nov-2015 11:25:32 UTC] PHP Stack trace:
[16-Nov-2015 11:25:32 UTC] PHP   1. {main}() /home/ubuntu/workspace/sublime/Proyecto01/menu/index.php:0
[16-Nov-2015 11:25:32 UTC] PHP   2. include() /home/ubuntu/workspace/sublime/Proyecto01/menu/index.php:3
[16-Nov-2015 11:25:32 UTC] PHP Warning:  Illegal offset type in /home/ubuntu/workspace/sublime/Proyecto01/menu/configuracion.php on line 116
[16-Nov-2015 11:25:32 UTC] PHP Stack trace:
[16-Nov-2015 11:25:32 UTC] PHP   1. {main}() /home/ubuntu/workspace/sublime/Proyecto01/menu/index.php:0
[16-Nov-2015 11:25:32 UTC] PHP   2. include() /home/ubuntu/workspace/sublime/Proyecto01/menu/index.php:3
[16-Nov-2015 11:25:32 UTC] PHP Warning:  Illegal offset type in /home/ubuntu/workspace/sublime/Proyecto01/menu/configuracion.php on line 116
[16-Nov-2015 11:25:32 UTC] PHP Stack trace:
[16-Nov-2015 11:25:32 UTC] PHP   1. {main}() /home/ubuntu/workspace/sublime/Proyecto01/menu/index.php:0
[16-Nov-2015 11:25:32 UTC] PHP   2. include() /home/ubuntu/workspace/sublime/Proyecto01/menu/index.php:3
[16-Nov-2015 11:28:49 UTC] PHP Fatal error:  Function name must be a string in /home/ubuntu/workspace/sublime/Proyecto01/menu/configuracion.php on line 5
[16-Nov-2015 11:28:49 UTC] PHP Stack trace:
[16-Nov-2015 11:28:49 UTC] PHP   1. {main}() /home/ubuntu/workspace/sublime/Proyecto01/menu/index.php:0
[16-Nov-2015 11:28:49 UTC] PHP   2. include() /home/ubuntu/workspace/sublime/Proyecto01/menu/index.php:3
[16-Nov-2015 11:30:05 UTC] PHP Fatal error:  Function name must be a string in /home/ubuntu/workspace/sublime/Proyecto01/menu/configuracion.php on line 4
[16-Nov-2015 11:30:05 UTC] PHP Stack trace:
[16-Nov-2015 11:30:05 UTC] PHP   1. {main}() /home/ubuntu/workspace/sublime/Proyecto01/menu/index.php:0
[16-Nov-2015 11:30:05 UTC] PHP   2. include() /home/ubuntu/workspace/sublime/Proyecto01/menu/index.php:3
[16-Nov-2015 11:30:33 UTC] PHP Fatal error:  Function name must be a string in /home/ubuntu/workspace/sublime/Proyecto01/menu/configuracion.php on line 5
[16-Nov-2015 11:30:33 UTC] PHP Stack trace:
[16-Nov-2015 11:30:33 UTC] PHP   1. {main}() /home/ubuntu/workspace/sublime/Proyecto01/menu/index.php:0
[16-Nov-2015 11:30:33 UTC] PHP   2. include() /home/ubuntu/workspace/sublime/Proyecto01/menu/index.php:3
[16-Nov-2015 11:30:41 UTC] PHP Fatal error:  Function name must be a string in /home/ubuntu/workspace/sublime/Proyecto01/menu/configuracion.php on line 5
[16-Nov-2015 11:30:41 UTC] PHP Stack trace:
[16-Nov-2015 11:30:41 UTC] PHP   1. {main}() /home/ubuntu/workspace/sublime/Proyecto01/menu/index.php:0
[16-Nov-2015 11:30:41 UTC] PHP   2. include() /home/ubuntu/workspace/sublime/Proyecto01/menu/index.php:3
[16-Nov-2015 11:32:40 UTC] PHP Warning:  Invalid argument supplied for foreach() in /home/ubuntu/workspace/sublime/Proyecto01/menu/configuracion.php on line 90
[16-Nov-2015 11:32:40 UTC] PHP Stack trace:
[16-Nov-2015 11:32:40 UTC] PHP   1. {main}() /home/ubuntu/workspace/sublime/Proyecto01/menu/index.php:0
[16-Nov-2015 11:32:40 UTC] PHP   2. include() /home/ubuntu/workspace/sublime/Proyecto01/menu/index.php:3
[16-Nov-2015 11:32:40 UTC] PHP Warning:  Invalid argument supplied for foreach() in /home/ubuntu/workspace/sublime/Proyecto01/menu/configuracion.php on line 111
[16-Nov-2015 11:32:40 UTC] PHP Stack trace:
[16-Nov-2015 11:32:40 UTC] PHP   1. {main}() /home/ubuntu/workspace/sublime/Proyecto01/menu/index.php:0
[16-Nov-2015 11:32:40 UTC] PHP   2. include() /home/ubuntu/workspace/sublime/Proyecto01/menu/index.php:3
[16-Nov-2015 11:50:33 UTC] PHP Parse error:  syntax error, unexpected end of file in /home/ubuntu/workspace/sublime/Proyecto01/menu/configuracion.php on line 218
[16-Nov-2015 11:50:33 UTC] PHP Stack trace:
[16-Nov-2015 11:50:33 UTC] PHP   1. {main}() /home/ubuntu/workspace/sublime/Proyecto01/menu/index.php:0
[16-Nov-2015 11:50:35 UTC] PHP Parse error:  syntax error, unexpected end of file in /home/ubuntu/workspace/sublime/Proyecto01/menu/configuracion.php on line 218
[16-Nov-2015 11:50:35 UTC] PHP Stack trace:
[16-Nov-2015 11:50:35 UTC] PHP   1. {main}() /home/ubuntu/workspace/sublime/Proyecto01/menu/index.php:0
